[0 00:00:08.0094] 
[0 00:00:08.0203] 41 15 16 FF 
[0 00:00:08.0250] 
[0 00:00:08.0250] >
[0 00:00:08.0422] 41 15 81 FF 
[0 00:00:08.0484] 
[0 00:00:08.0484] >
[0 00:00:08.0641] 41 15 81 FF 
[0 00:00:08.0703] 
[0 00:00:08.0703] >
[0 00:00:08.0891] 41 15 28 FF 
[0 00:00:08.0937] 
[0 00:00:08.0937] >
[0 00:00:09.0109] 41 15 0D FF 
[0 00:00:09.0172] 
[0 00:00:09.0172] >
[0 00:00:09.0344] 41 15 11 FF 
[0 00:00:09.0406] 
[0 00:00:09.0406] >
[0 00:00:09.0562] 41 15 17 FF 
[0 00:00:09.0609] 
[0 00:00:09.0609] >
[0 00:00:09.0766] 41 15 15 FF 
[0 00:00:09.0828] 
[0 00:00:09.0828] >
[0 00:00:09.0953] 41 15 09 FF 
[0 00:00:10.0031] 
[0 00:00:10.0031] >
[0 00:00:10.0187] 41 15 0D FF 
[0 00:00:10.0250] 
[0 00:00:10.0250] >
[0 00:00:10.0375] 41 15 1C FF 
[0 00:00:10.0437] 
[0 00:00:10.0437] >
[0 00:00:10.0578] 41 15 85 FF 
[0 00:00:10.0656] 
[0 00:00:10.0656] >
[0 00:00:10.0797] 41 15 84 FF 
[0 00:00:10.0859] 
[0 00:00:10.0859] >
[0 00:00:10.0984] 41 15 82 FF 
[0 00:00:11.0031] 
[0 00:00:11.0031] >
[0 00:00:11.0187] 41 15 80 FF 
[0 00:00:11.0250] 
[0 00:00:11.0250] >
[0 00:00:11.0406] 41 15 77 FF 
[0 00:00:11.0469] 
[0 00:00:11.0469] >
[0 00:00:11.0594] 41 15 16 FF 
[0 00:00:11.0641] 
[0 00:00:11.0641] >
[0 00:00:11.0781] 41 15 10 FF 
[0 00:00:11.0844] 
[0 00:00:11.0844] >
[0 00:00:11.0969] 41 15 13 FF 
[0 00:00:12.0047] 
[0 00:00:12.0047] >
[0 00:00:12.0203] 41 15 14 FF 
[0 00:00:12.0250] 
[0 00:00:12.0250] >
[0 00:00:12.0406] 41 15 15 FF 
[0 00:00:12.0453] 
[0 00:00:12.0453] >
[0 00:00:12.0594] 41 15 16 FF 
[0 00:00:12.0641] 
[0 00:00:12.0641] >
[0 00:00:12.0828] 41 15 0D FF 
[0 00:00:12.0875] 
[0 00:00:12.0891] >
[0 00:00:13.0031] 41 15 0C FF 
[0 00:00:13.0094] 
[0 00:00:13.0094] >
[0 00:00:13.0234] 41 15 12 FF 
[0 00:00:13.0297] 
[0 00:00:13.0297] >
[0 00:00:13.0469] 41 15 44 FF 
[0 00:00:13.0516] 
[0 00:00:13.0531] >
[0 00:00:13.0672] 41 15 37 FF 
[0 00:00:13.0734] 
[0 00:00:13.0734] >
[0 00:00:13.0875] 41 15 16 FF 
[0 00:00:13.0937] 
[0 00:00:13.0937] >
[0 00:00:14.0109] 41 15 13 FF 
[0 00:00:14.0156] 
[0 00:00:14.0156] >
[0 00:00:14.0312] 41 15 29 FF 
[0 00:00:14.0375] 
[0 00:00:14.0375] >
[0 00:00:14.0500] 41 15 2C FF 
[0 00:00:14.0562] 
[0 00:00:14.0562] >
[0 00:00:14.0703] 41 15 0A FF 
[0 00:00:14.0766] 
[0 00:00:14.0766] >
[0 00:00:14.0922] 41 15 0D FF 
[0 00:00:14.0969] 
[0 00:00:14.0969] >
[0 00:00:15.0125] 41 15 47 FF 
[0 00:00:15.0172] 
[0 00:00:15.0172] >
[0 00:00:15.0328] 41 15 9B FF 
[0 00:00:15.0391] 
[0 00:00:15.0391] >
[0 00:00:15.0547] 41 15 95 FF 
[0 00:00:15.0594] 
[0 00:00:15.0609] >
[0 00:00:15.0750] 41 15 83 FF 
[0 00:00:15.0812] 
[0 00:00:15.0812] >
[0 00:00:15.0937] 41 15 19 FF 
[0 00:00:16.0000] 
[0 00:00:16.0000] >
[0 00:00:16.0187] 41 15 1E FF 
[0 00:00:16.0234] 
[0 00:00:16.0234] >
[0 00:00:16.0391] 41 15 A9 FF 
[0 00:00:16.0437] 
[0 00:00:16.0453] >
[0 00:00:16.0594] 41 15 A6 FF 
[0 00:00:16.0656] 
[0 00:00:16.0656] >
[0 00:00:16.0828] 41 15 9D FF 
[0 00:00:16.0906] 
[0 00:00:16.0906] >
[0 00:00:17.0062] 41 15 1B FF 
[0 00:00:17.0125] 
[0 00:00:17.0125] >
[0 00:00:17.0250] 41 15 0C FF 
[0 00:00:17.0312] 
[0 00:00:17.0312] >
[0 00:00:17.0453] 41 15 10 FF 
[0 00:00:17.0516] 
[0 00:00:17.0516] >
[0 00:00:17.0656] 41 15 12 FF 
[0 00:00:17.0719] 
[0 00:00:17.0719] >
[0 00:00:17.0844] 41 15 18 FF 
[0 00:00:17.0906] 
[0 00:00:17.0906] >
[0 00:00:18.0047] 41 15 29 FF 
[0 00:00:18.0078] 
[0 00:00:18.0078] >
[0 00:00:18.0250] 41 15 2D FF 
[0 00:00:18.0312] 
[0 00:00:18.0312] >
[0 00:00:18.0469] 41 15 2B FF 
[0 00:00:18.0531] 
[0 00:00:18.0531] >
[0 00:00:18.0656] 41 15 14 FF 
[0 00:00:18.0719] 
[0 00:00:18.0719] >
[0 00:00:18.0937] 41 15 12 FF 
[0 00:00:19.0016] 
[0 00:00:19.0016] >
[0 00:00:19.0141] 41 15 18 FF 
[0 00:00:19.0203] 
[0 00:00:19.0203] >
[0 00:00:19.0328] 41 15 22 FF 
[0 00:00:19.0391] 
[0 00:00:19.0391] >
[0 00:00:19.0547] 41 15 21 FF 
[0 00:00:19.0609] 
[0 00:00:19.0609] >
[0 00:00:19.0750] 41 15 0E FF 
[0 00:00:19.0812] 
[0 00:00:19.0812] >
[0 00:00:19.0937] 41 15 0D FF 
[0 00:00:20.0000] 
[0 00:00:20.0000] >
[0 00:00:20.0156] 41 15 0B FF 
[0 00:00:20.0219] 
[0 00:00:20.0219] >
[0 00:00:20.0359] 41 15 0D FF 
[0 00:00:20.0437] 
[0 00:00:20.0437] >
[0 00:00:20.0578] 41 15 15 FF 
[0 00:00:20.0641] 
[0 00:00:20.0641] >
[0 00:00:20.0781] 41 15 3E FF 
[0 00:00:20.0828] 
[0 00:00:20.0828] >
[0 00:00:20.0969] 41 15 2E FF 
[0 00:00:21.0031] 
[0 00:00:21.0031] >
[0 00:00:21.0172] 41 15 0A FF 
[0 00:00:21.0234] 
[0 00:00:21.0234] >
[0 00:00:21.0391] 41 15 0A FF 
[0 00:00:21.0437] 
[0 00:00:21.0437] >
[0 00:00:21.0578] 41 15 0E FF 
[0 00:00:21.0625] 
[0 00:00:21.0625] >
[0 00:00:21.0781] 41 15 15 FF 
[0 00:00:21.0828] 
[0 00:00:21.0828] >
[0 00:00:22.0000] 41 15 7D FF 
[0 00:00:22.0047] 
[0 00:00:22.0047] >
[0 00:00:22.0187] 41 15 9A FF 
[0 00:00:22.0234] 
[0 00:00:22.0234] >
[0 00:00:22.0391] 41 15 99 FF 
[0 00:00:22.0469] 
[0 00:00:22.0469] >
[0 00:00:22.0578] 41 15 98 FF 
[0 00:00:22.0641] 
[0 00:00:22.0641] >
[0 00:00:22.0797] 41 15 94 FF 
[0 00:00:22.0859] 
[0 00:00:22.0859] >
[0 00:00:22.0984] 41 15 91 FF 
[0 00:00:23.0047] 
[0 00:00:23.0047] >
[0 00:00:23.0187] 41 15 7D FF 
[0 00:00:23.0250] 
[0 00:00:23.0250] >
[0 00:00:23.0391] 41 15 1A FF 
[0 00:00:23.0437] 
[0 00:00:23.0453] >
[0 00:00:23.0578] 41 15 12 FF 
[0 00:00:23.0625] 
[0 00:00:23.0625] >
[0 00:00:23.0797] 41 15 13 FF 
[0 00:00:23.0859] 
[0 00:00:23.0875] >
[0 00:00:24.0031] 41 15 18 FF 
[0 00:00:24.0078] 
[0 00:00:24.0078] >
[0 00:00:24.0234] 41 15 6D FF 
[0 00:00:24.0297] 
[0 00:00:24.0297] >
[0 00:00:24.0406] 41 15 6C FF 
[0 00:00:24.0469] 
[0 00:00:24.0469] >
[0 00:00:24.0641] 41 15 61 FF 
[0 00:00:24.0687] 
[0 00:00:24.0687] >
[0 00:00:24.0859] 41 15 18 FF 
[0 00:00:24.0922] 
[0 00:00:24.0922] >
[0 00:00:25.0047] 41 15 0F FF 
[0 00:00:25.0109] 
[0 00:00:25.0109] >
[0 00:00:25.0266] 41 15 12 FF 
[0 00:00:25.0328] 
[0 00:00:25.0328] >
[0 00:00:25.0469] 41 15 14 FF 
[0 00:00:25.0516] 
[0 00:00:25.0516] >
[0 00:00:25.0687] 41 15 69 FF 
[0 00:00:25.0734] 
[0 00:00:25.0734] >
[0 00:00:25.0875] 41 15 80 FF 
[0 00:00:25.0953] 
[0 00:00:25.0953] >
[0 00:00:26.0109] 41 15 8F FF 
[0 00:00:26.0172] 
[0 00:00:26.0172] >
[0 00:00:26.0297] 41 15 8A FF 
[0 00:00:26.0359] 
[0 00:00:26.0359] >
[0 00:00:26.0516] 41 15 18 FF 
[0 00:00:26.0594] 
[0 00:00:26.0594] >
[0 00:00:26.0734] 41 15 0E FF 
[0 00:00:26.0797] 
[0 00:00:26.0797] >
[0 00:00:26.0922] 41 15 0D FF 
[0 00:00:26.0984] 
[0 00:00:26.0984] >
[0 00:00:27.0125] 41 15 0B FF 
[0 00:00:27.0187] 
[0 00:00:27.0187] >
[0 00:00:27.0344] 41 15 0C FF 
[0 00:00:27.0406] 
[0 00:00:27.0406] >
[0 00:00:27.0547] 41 15 11 FF 
[0 00:00:27.0594] 
[0 00:00:27.0594] >
[0 00:00:27.0781] 41 15 4A FF 
[0 00:00:27.0844] 
[0 00:00:27.0844] >
[0 00:00:28.0000] 41 15 3C FF 
[0 00:00:28.0062] 
[0 00:00:28.0062] >
[0 00:00:28.0187] 41 15 27 FF 
[0 00:00:28.0250] 
[0 00:00:28.0250] >
[0 00:00:28.0391] 41 15 0B FF 
[0 00:00:28.0453] 
[0 00:00:28.0453] >
[0 00:00:28.0594] 41 15 10 FF 
[0 00:00:28.0672] 
[0 00:00:28.0672] >
[0 00:00:28.0812] 41 15 23 FF 
[0 00:00:28.0859] 
[0 00:00:28.0875] >
[0 00:00:29.0000] 41 15 9F FF 
[0 00:00:29.0062] 
[0 00:00:29.0062] >
[0 00:00:29.0219] 41 15 A6 FF 
[0 00:00:29.0266] 
[0 00:00:29.0266] >
[0 00:00:29.0437] 41 15 A8 FF 
[0 00:00:29.0500] 
[0 00:00:29.0500] >
[0 00:00:29.0625] 41 15 A5 FF 
[0 00:00:29.0687] 
[0 00:00:29.0687] >
[0 00:00:29.0797] 41 15 9E FF 
[0 00:00:29.0859] 
[0 00:00:29.0875] >
[0 00:00:30.0016] 41 15 98 FF 
[0 00:00:30.0094] 
[0 00:00:30.0094] >
[0 00:00:30.0219] 41 15 50 FF 
[0 00:00:30.0281] 
[0 00:00:30.0281] >
[0 00:00:30.0406] 41 15 17 FF 
[0 00:00:30.0469] 
[0 00:00:30.0469] >
[0 00:00:30.0609] 41 15 18 FF 
[0 00:00:30.0656] 
[0 00:00:30.0672] >
[0 00:00:30.0828] 41 15 6A FF 
[0 00:00:30.0891] 
[0 00:00:30.0891] >
[0 00:00:31.0031] 41 15 96 FF 
[0 00:00:31.0094] 
[0 00:00:31.0094] >
[0 00:00:31.0234] 41 15 92 FF 
[0 00:00:31.0281] 
[0 00:00:31.0281] >
[0 00:00:31.0437] 41 15 53 FF 
[0 00:00:31.0500] 
[0 00:00:31.0500] >
[0 00:00:31.0641] 41 15 12 FF 
[0 00:00:31.0687] 
[0 00:00:31.0687] >
[0 00:00:31.0828] 41 15 13 FF 
[0 00:00:31.0891] 
[0 00:00:31.0891] >
[0 00:00:32.0047] 41 15 1A FF 
[0 00:00:32.0109] 
[0 00:00:32.0109] >
[0 00:00:32.0250] 41 15 4A FF 
[0 00:00:32.0297] 
[0 00:00:32.0297] >
[0 00:00:32.0453] 41 15 41 FF 
[0 00:00:32.0500] 
[0 00:00:32.0500] >
[0 00:00:32.0641] 41 15 1E FF 
[0 00:00:32.0687] 
[0 00:00:32.0687] >
[0 00:00:32.0812] 41 15 0C FF 
[0 00:00:32.0875] 
[0 00:00:32.0875] >
[0 00:00:33.0031] 41 15 10 FF 
[0 00:00:33.0078] 
[0 00:00:33.0078] >
[0 00:00:33.0234] 41 15 13 FF 
[0 00:00:33.0281] 
[0 00:00:33.0281] >
[0 00:00:33.0406] 41 15 24 FF 
[0 00:00:33.0453] 
[0 00:00:33.0453] >
[0 00:00:33.0609] 41 15 30 FF 
[0 00:00:33.0672] 
[0 00:00:33.0672] >
[0 00:00:33.0797] 41 15 25 FF 
[0 00:00:33.0859] 
[0 00:00:33.0859] >
[0 00:00:34.0000] 41 15 11 FF 
[0 00:00:34.0047] 
[0 00:00:34.0047] >
[0 00:00:34.0172] 41 15 13 FF 
[0 00:00:34.0234] 
[0 00:00:34.0250] >
[0 00:00:34.0359] 41 15 15 FF 
[0 00:00:34.0406] 
[0 00:00:34.0406] >
[0 00:00:34.0562] 41 15 0B FF 
[0 00:00:34.0609] 
[0 00:00:34.0609] >
[0 00:00:34.0750] 41 15 0C FF 
[0 00:00:34.0797] 
[0 00:00:34.0797] >
[0 00:00:34.0953] 41 15 15 FF 
[0 00:00:35.0000] 
[0 00:00:35.0000] >
[0 00:00:35.0141] 41 15 9F FF 
[0 00:00:35.0203] 
[0 00:00:35.0203] >
[0 00:00:35.0328] 41 15 A0 FF 
[0 00:00:35.0391] 
[0 00:00:35.0391] >
[0 00:00:35.0500] 41 15 98 FF 
[0 00:00:35.0562] 
[0 00:00:35.0562] >
[0 00:00:35.0703] 41 15 93 FF 
[0 00:00:35.0766] 
[0 00:00:35.0766] >
[0 00:00:35.0906] 41 15 6D FF 
[0 00:00:35.0953] 
[0 00:00:35.0953] >
[0 00:00:36.0094] 41 15 29 FF 
[0 00:00:36.0156] 
[0 00:00:36.0156] >
[0 00:00:36.0281] 41 15 2A FF 
[0 00:00:36.0359] 
[0 00:00:36.0359] >
[0 00:00:36.0500] 41 15 9B FF 
[0 00:00:36.0547] 
[0 00:00:36.0547] >
[0 00:00:36.0703] 41 15 93 FF 
[0 00:00:36.0750] 
[0 00:00:36.0750] >
[0 00:00:36.0875] 41 15 61 FF 
[0 00:00:36.0922] 
[0 00:00:36.0922] >
[0 00:00:37.0094] 41 15 21 FF 
[0 00:00:37.0156] 
[0 00:00:37.0156] >
[0 00:00:37.0281] 41 15 20 FF 
[0 00:00:37.0344] 
[0 00:00:37.0344] >
[0 00:00:37.0469] 41 15 45 FF 
[0 00:00:37.0531] 
[0 00:00:37.0531] >
[0 00:00:37.0656] 41 15 83 FF 
[0 00:00:37.0734] 
[0 00:00:37.0734] >
[0 00:00:37.0875] 41 15 81 FF 
[0 00:00:37.0922] 
[0 00:00:37.0922] >
[0 00:00:38.0062] 41 15 53 FF 
[0 00:00:38.0125] 
[0 00:00:38.0125] >
[0 00:00:38.0250] 41 15 1D FF 
[0 00:00:38.0312] 
[0 00:00:38.0312] >
[0 00:00:38.0453] 41 15 21 FF 
[0 00:00:38.0500] 
[0 00:00:38.0500] >
[0 00:00:38.0641] 41 15 77 FF 
[0 00:00:38.0687] 
[0 00:00:38.0687] >
[0 00:00:38.0812] 41 15 6F FF 
[0 00:00:38.0875] 
[0 00:00:38.0875] >
[0 00:00:39.0000] 41 15 26 FF 
[0 00:00:39.0078] 
[0 00:00:39.0078] >
[0 00:00:39.0219] 41 15 0D FF 
[0 00:00:39.0266] 
[0 00:00:39.0266] >
[0 00:00:39.0406] 41 15 0E FF 
[0 00:00:39.0453] 
[0 00:00:39.0453] >
[0 00:00:39.0594] 41 15 0E FF 
[0 00:00:39.0656] 
[0 00:00:39.0656] >
[0 00:00:39.0812] 41 15 0F FF 
[0 00:00:39.0859] 
[0 00:00:39.0859] >
[0 00:00:40.0000] 41 15 12 FF 
[0 00:00:40.0062] 
[0 00:00:40.0062] >
[0 00:00:40.0187] 41 15 15 FF 
[0 00:00:40.0250] 
[0 00:00:40.0250] >
[0 00:00:40.0359] 41 15 7A FF 
[0 00:00:40.0437] 
[0 00:00:40.0437] >
[0 00:00:40.0562] 41 15 99 FF 
[0 00:00:40.0625] 
[0 00:00:40.0625] >
[0 00:00:40.0734] 41 15 9E FF 
[0 00:00:40.0797] 
[0 00:00:40.0797] >
[0 00:00:40.0891] 41 15 9B FF 
[0 00:00:40.0953] 
[0 00:00:40.0953] >
[0 00:00:41.0094] 41 15 95 FF 
[0 00:00:41.0156] 
[0 00:00:41.0172] >
[0 00:00:41.0297] 41 15 90 FF 
[0 00:00:41.0359] 
[0 00:00:41.0359] >
[0 00:00:41.0469] 41 15 38 FF 
[0 00:00:41.0516] 
[0 00:00:41.0516] >
[0 00:00:41.0656] 41 15 1E FF 
[0 00:00:41.0719] 
[0 00:00:41.0719] >
[0 00:00:41.0859] 41 15 1F FF 
[0 00:00:41.0922] 
[0 00:00:41.0922] >
[0 00:00:42.0031] 41 15 36 FF 
[0 00:00:42.0094] 
[0 00:00:42.0094] >
[0 00:00:42.0203] 41 15 36 FF 
[0 00:00:42.0266] 
[0 00:00:42.0266] >
[0 00:00:42.0391] 41 15 1D FF 
[0 00:00:42.0437] 
[0 00:00:42.0437] >
[0 00:00:42.0594] 41 15 16 FF 
[0 00:00:42.0641] 
[0 00:00:42.0641] >
[0 00:00:42.0766] 41 15 22 FF 
[0 00:00:42.0828] 
[0 00:00:42.0828] >
[0 00:00:42.0937] 41 15 A0 FF 
[0 00:00:43.0000] 
[0 00:00:43.0000] >
[0 00:00:43.0125] 41 15 A5 FF 
[0 00:00:43.0203] 
[0 00:00:43.0203] >
[0 00:00:43.0312] 41 15 9E FF 
[0 00:00:43.0375] 
[0 00:00:43.0375] >
[0 00:00:43.0516] 41 15 97 FF 
[0 00:00:43.0578] 
[0 00:00:43.0578] >
[0 00:00:43.0719] 41 15 56 FF 
[0 00:00:43.0781] 
[0 00:00:43.0781] >
[0 00:00:43.0906] 41 15 10 FF 
[0 00:00:43.0969] 
[0 00:00:43.0969] >
[0 00:00:44.0094] 41 15 10 FF 
[0 00:00:44.0141] 
[0 00:00:44.0141] >
[0 00:00:44.0281] 41 15 13 FF 
[0 00:00:44.0328] 
[0 00:00:44.0344] >
[0 00:00:44.0484] 41 15 2E FF 
[0 00:00:44.0531] 
[0 00:00:44.0531] >
[0 00:00:44.0672] 41 15 73 FF 
[0 00:00:44.0734] 
[0 00:00:44.0734] >
[0 00:00:44.0859] 41 15 71 FF 
[0 00:00:44.0922] 
[0 00:00:44.0922] >
[0 00:00:45.0047] 41 15 16 FF 
[0 00:00:45.0094] 
[0 00:00:45.0109] >
[0 00:00:45.0219] 41 15 0A FF 
[0 00:00:45.0297] 
[0 00:00:45.0297] >
[0 00:00:45.0422] 41 15 0A FF 
[0 00:00:45.0484] 
[0 00:00:45.0484] >
[0 00:00:45.0609] 41 15 0E FF 
[0 00:00:45.0672] 
[0 00:00:45.0687] >
[0 00:00:45.0797] 41 15 17 FF 
[0 00:00:45.0859] 
[0 00:00:45.0859] >
[0 00:00:45.0969] 41 15 82 FF 
[0 00:00:46.0047] 
[0 00:00:46.0047] >
[0 00:00:46.0172] 41 15 8D FF 
[0 00:00:46.0234] 
[0 00:00:46.0234] >
[0 00:00:46.0375] 41 15 83 FF 
[0 00:00:46.0422] 
[0 00:00:46.0422] >
[0 00:00:46.0562] 41 15 1C FF 
[0 00:00:46.0625] 
[0 00:00:46.0625] >
[0 00:00:46.0734] 41 15 12 FF 
[0 00:00:46.0797] 
[0 00:00:46.0797] >
[0 00:00:46.0906] 41 15 1C FF 
[0 00:00:46.0969] 
[0 00:00:46.0969] >
[0 00:00:47.0094] 41 15 1E FF 
[0 00:00:47.0156] 
[0 00:00:47.0156] >
[0 00:00:47.0266] 41 15 0A FF 
[0 00:00:47.0312] 
[0 00:00:47.0312] >
[0 00:00:47.0469] 41 15 0B FF 
[0 00:00:47.0531] 
[0 00:00:47.0531] >
[0 00:00:47.0797] 41 15 12 FF 
[0 00:00:47.0859] 
[0 00:00:47.0859] >
[0 00:00:48.0000] 41 15 14 FF 
[0 00:00:48.0078] 
[0 00:00:48.0078] >