[0 00:00:08.0375] 
[0 00:00:08.0469] 41 14 90 7B 
[0 00:00:08.0531] 
[0 00:00:08.0531] >
[0 00:00:08.0797] 41 14 13 80 
[0 00:00:08.0844] 
[0 00:00:08.0844] >
[0 00:00:09.0000] 41 14 55 81 
[0 00:00:09.0062] 
[0 00:00:09.0062] >
[0 00:00:09.0172] 41 14 9B 7B 
[0 00:00:09.0234] 
[0 00:00:09.0234] >
[0 00:00:09.0390] 41 14 99 79 
[0 00:00:09.0437] 
[0 00:00:09.0453] >
[0 00:00:09.0578] 41 14 4C 78 
[0 00:00:09.0640] 
[0 00:00:09.0640] >
[0 00:00:09.0765] 41 14 0C 80 
[0 00:00:09.0828] 
[0 00:00:09.0828] >
[0 00:00:09.0953] 41 14 85 81 
[0 00:00:10.0015] 
[0 00:00:10.0031] >
[0 00:00:10.0140] 41 14 A1 7A 
[0 00:00:10.0203] 
[0 00:00:10.0203] >
[0 00:00:10.0328] 41 14 9E 79 
[0 00:00:10.0390] 
[0 00:00:10.0390] >
[0 00:00:10.0515] 41 14 96 78 
[0 00:00:10.0578] 
[0 00:00:10.0578] >
[0 00:00:10.0719] 41 14 97 77 
[0 00:00:10.0781] 
[0 00:00:10.0781] >
[0 00:00:10.0906] 41 14 8D 75 
[0 00:00:10.0969] 
[0 00:00:10.0969] >
[0 00:00:11.0094] 41 14 0E 7B 
[0 00:00:11.0156] 
[0 00:00:11.0156] >
[0 00:00:11.0297] 41 14 0D 7D 
[0 00:00:11.0375] 
[0 00:00:11.0375] >
[0 00:00:11.0484] 41 14 78 7E 
[0 00:00:11.0547] 
[0 00:00:11.0547] >
[0 00:00:11.0672] 41 14 9B 77 
[0 00:00:11.0734] 
[0 00:00:11.0734] >
[0 00:00:11.0859] 41 14 96 76 
[0 00:00:11.0906] 
[0 00:00:11.0906] >
[0 00:00:12.0047] 41 14 5C 75 
[0 00:00:12.0109] 
[0 00:00:12.0109] >
[0 00:00:12.0234] 41 14 0E 7C 
[0 00:00:12.0281] 
[0 00:00:12.0297] >
[0 00:00:12.0406] 41 14 11 7E 
[0 00:00:12.0453] 
[0 00:00:12.0453] >
[0 00:00:12.0594] 41 14 23 7F 
[0 00:00:12.0640] 
[0 00:00:12.0640] >
[0 00:00:12.0797] 41 14 18 80 
[0 00:00:12.0859] 
[0 00:00:12.0859] >
[0 00:00:12.0969] 41 14 17 81 
[0 00:00:13.0031] 
[0 00:00:13.0031] >
[0 00:00:13.0140] 41 14 95 7E 
[0 00:00:13.0203] 
[0 00:00:13.0203] >
[0 00:00:13.0328] 41 14 9D 7C 
[0 00:00:13.0390] 
[0 00:00:13.0390] >
[0 00:00:13.0515] 41 14 9A 7B 
[0 00:00:13.0578] 
[0 00:00:13.0578] >
[0 00:00:13.0687] 41 14 94 7A 
[0 00:00:13.0734] 
[0 00:00:13.0750] >
[0 00:00:13.0890] 41 14 29 79 
[0 00:00:13.0953] 
[0 00:00:13.0953] >
[0 00:00:14.0062] 41 14 0C 81 
[0 00:00:14.0125] 
[0 00:00:14.0125] >
[0 00:00:14.0265] 41 14 10 82 
[0 00:00:14.0328] 
[0 00:00:14.0328] >
[0 00:00:14.0453] 41 14 95 7D 
[0 00:00:14.0531] 
[0 00:00:14.0531] >
[0 00:00:14.0656] 41 14 9E 7B 
[0 00:00:14.0719] 
[0 00:00:14.0719] >
[0 00:00:14.0828] 41 14 99 7A 
[0 00:00:14.0906] 
[0 00:00:14.0906] >
[0 00:00:15.0015] 41 14 90 79 
[0 00:00:15.0078] 
[0 00:00:15.0078] >
[0 00:00:15.0203] 41 14 76 78 
[0 00:00:15.0250] 
[0 00:00:15.0250] >
[0 00:00:15.0375] 41 14 0B 7F 
[0 00:00:15.0437] 
[0 00:00:15.0437] >
[0 00:00:15.0562] 41 14 0A 80 
[0 00:00:15.0609] 
[0 00:00:15.0609] >
[0 00:00:15.0750] 41 14 16 81 
[0 00:00:15.0812] 
[0 00:00:15.0812] >
[0 00:00:15.0937] 41 14 94 7C 
[0 00:00:15.0984] 
[0 00:00:15.0984] >
[0 00:00:16.0109] 41 14 9F 7B 
[0 00:00:16.0172] 
[0 00:00:16.0172] >
[0 00:00:16.0281] 41 14 98 7A 
[0 00:00:16.0344] 
[0 00:00:16.0344] >
[0 00:00:16.0484] 41 14 82 79 
[0 00:00:16.0531] 
[0 00:00:16.0531] >
[0 00:00:16.0672] 41 14 0D 7F 
[0 00:00:16.0719] 
[0 00:00:16.0719] >
[0 00:00:16.0844] 41 14 0C 81 
[0 00:00:16.0890] 
[0 00:00:16.0890] >
[0 00:00:17.0047] 41 14 28 82 
[0 00:00:17.0109] 
[0 00:00:17.0109] >
[0 00:00:17.0234] 41 14 93 7C 
[0 00:00:17.0281] 
[0 00:00:17.0281] >
[0 00:00:17.0422] 41 14 92 7B 
[0 00:00:17.0469] 
[0 00:00:17.0469] >
[0 00:00:17.0609] 41 14 14 81 
[0 00:00:17.0672] 
[0 00:00:17.0687] >
[0 00:00:17.0828] 41 14 10 82 
[0 00:00:17.0875] 
[0 00:00:17.0875] >
[0 00:00:18.0015] 41 14 8C 83 
[0 00:00:18.0078] 
[0 00:00:18.0078] >
[0 00:00:18.0187] 41 14 9E 7C 
[0 00:00:18.0250] 
[0 00:00:18.0250] >
[0 00:00:18.0390] 41 14 9A 7B 
[0 00:00:18.0453] 
[0 00:00:18.0453] >
[0 00:00:18.0578] 41 14 8A 7A 
[0 00:00:18.0640] 
[0 00:00:18.0640] >
[0 00:00:18.0765] 41 14 0E 80 
[0 00:00:18.0812] 
[0 00:00:18.0812] >
[0 00:00:18.0953] 41 14 0D 81 
[0 00:00:19.0031] 
[0 00:00:19.0031] >
[0 00:00:19.0156] 41 14 93 7D 
[0 00:00:19.0203] 
[0 00:00:19.0203] >
[0 00:00:19.0344] 41 14 A0 7B 
[0 00:00:19.0406] 
[0 00:00:19.0406] >
[0 00:00:19.0515] 41 14 9A 7A 
[0 00:00:19.0578] 
[0 00:00:19.0578] >
[0 00:00:19.0687] 41 14 70 79 
[0 00:00:19.0765] 
[0 00:00:19.0765] >
[0 00:00:19.0890] 41 14 0D 80 
[0 00:00:19.0953] 
[0 00:00:19.0953] >
[0 00:00:20.0047] 41 14 0C 81 
[0 00:00:20.0109] 
[0 00:00:20.0109] >
[0 00:00:20.0219] 41 14 15 83 
[0 00:00:20.0281] 
[0 00:00:20.0281] >
[0 00:00:20.0422] 41 14 9B 7D 
[0 00:00:20.0469] 
[0 00:00:20.0469] >
[0 00:00:20.0594] 41 14 9E 7C 
[0 00:00:20.0640] 
[0 00:00:20.0640] >
[0 00:00:20.0765] 41 14 98 7B 
[0 00:00:20.0828] 
[0 00:00:20.0828] >
[0 00:00:20.0937] 41 14 88 79 
[0 00:00:21.0000] 
[0 00:00:21.0000] >
[0 00:00:21.0140] 41 14 2D 78 
[0 00:00:21.0203] 
[0 00:00:21.0203] >
[0 00:00:21.0297] 41 14 11 80 
[0 00:00:21.0359] 
[0 00:00:21.0359] >
[0 00:00:21.0469] 41 14 92 7B 
[0 00:00:21.0531] 
[0 00:00:21.0531] >
[0 00:00:21.0625] 41 14 9C 7A 
[0 00:00:21.0687] 
[0 00:00:21.0687] >
[0 00:00:21.0844] 41 14 97 79 
[0 00:00:21.0890] 
[0 00:00:21.0890] >
[0 00:00:22.0031] 41 14 91 78 
[0 00:00:22.0078] 
[0 00:00:22.0078] >
[0 00:00:22.0203] 41 14 1D 76 
[0 00:00:22.0265] 
[0 00:00:22.0265] >
[0 00:00:22.0406] 41 14 0A 7E 
[0 00:00:22.0453] 
[0 00:00:22.0453] >
[0 00:00:22.0594] 41 14 17 80 
[0 00:00:22.0656] 
[0 00:00:22.0656] >
[0 00:00:22.0765] 41 14 94 7A 
[0 00:00:22.0828] 
[0 00:00:22.0828] >
[0 00:00:22.0937] 41 14 96 79 
[0 00:00:23.0000] 
[0 00:00:23.0000] >
[0 00:00:23.0156] 41 14 2A 77 
[0 00:00:23.0219] 
[0 00:00:23.0219] >
[0 00:00:23.0359] 41 14 0D 81 
[0 00:00:23.0422] 
[0 00:00:23.0422] >
[0 00:00:23.0547] 41 14 1B 83 
[0 00:00:23.0609] 
[0 00:00:23.0609] >
[0 00:00:23.0734] 41 14 97 7D 
[0 00:00:23.0797] 
[0 00:00:23.0797] >
[0 00:00:23.0922] 41 14 9B 7C 
[0 00:00:23.0984] 
[0 00:00:23.0984] >
[0 00:00:24.0109] 41 14 59 7B 
[0 00:00:24.0172] 
[0 00:00:24.0172] >
[0 00:00:24.0281] 41 14 0C 82 
[0 00:00:24.0344] 
[0 00:00:24.0344] >
[0 00:00:24.0469] 41 14 0B 83 
[0 00:00:24.0547] 
[0 00:00:24.0547] >
[0 00:00:24.0672] 41 14 18 84 
[0 00:00:24.0719] 
[0 00:00:24.0719] >
[0 00:00:24.0859] 41 14 9D 7E 
[0 00:00:24.0922] 
[0 00:00:24.0922] >
[0 00:00:25.0047] 41 14 9D 7D 
[0 00:00:25.0094] 
[0 00:00:25.0094] >
[0 00:00:25.0234] 41 14 8F 7C 
[0 00:00:25.0312] 
[0 00:00:25.0312] >
[0 00:00:25.0578] 41 14 0E 82 
[0 00:00:25.0640] 
[0 00:00:25.0640] >
[0 00:00:25.0781] 41 14 33 84 
[0 00:00:25.0844] 
[0 00:00:25.0844] >
[0 00:00:25.0937] 41 14 9D 7D 
[0 00:00:26.0015] 
[0 00:00:26.0015] >
[0 00:00:26.0140] 41 14 9D 7C 
[0 00:00:26.0203] 
[0 00:00:26.0203] >
[0 00:00:26.0328] 41 14 93 7B 
[0 00:00:26.0375] 
[0 00:00:26.0375] >
[0 00:00:26.0500] 41 14 82 7A 
[0 00:00:26.0547] 
[0 00:00:26.0547] >
[0 00:00:26.0703] 41 14 0F 80 
[0 00:00:26.0765] 
[0 00:00:26.0765] >
[0 00:00:26.0875] 41 14 0B 81 
[0 00:00:26.0937] 
[0 00:00:26.0937] >
[0 00:00:27.0062] 41 14 0F 82 
[0 00:00:27.0109] 
[0 00:00:27.0109] >
[0 00:00:27.0250] 41 14 7A 84 
[0 00:00:27.0297] 
[0 00:00:27.0297] >
[0 00:00:27.0437] 41 14 97 7D 
[0 00:00:27.0500] 
[0 00:00:27.0500] >
[0 00:00:27.0640] 41 14 8F 7C 
[0 00:00:27.0687] 
[0 00:00:27.0687] >
[0 00:00:27.0797] 41 14 76 7B 
[0 00:00:27.0859] 
[0 00:00:27.0859] >
[0 00:00:27.0969] 41 14 0E 82 
[0 00:00:28.0047] 
[0 00:00:28.0047] >
[0 00:00:28.0187] 41 14 0F 83 
[0 00:00:28.0250] 
[0 00:00:28.0250] >
[0 00:00:28.0406] 41 14 8E 7F 
[0 00:00:28.0453] 
[0 00:00:28.0453] >
[0 00:00:28.0594] 41 14 9E 7D 
[0 00:00:28.0640] 
[0 00:00:28.0656] >
[0 00:00:28.0781] 41 14 98 7C 
[0 00:00:28.0844] 
[0 00:00:28.0844] >
[0 00:00:28.0969] 41 14 8B 7B 
[0 00:00:29.0015] 
[0 00:00:29.0015] >
[0 00:00:29.0125] 41 14 3D 7A 
[0 00:00:29.0172] 
[0 00:00:29.0172] >
[0 00:00:29.0312] 41 14 0A 81 
[0 00:00:29.0375] 
[0 00:00:29.0375] >
[0 00:00:29.0484] 41 14 0C 83 
[0 00:00:29.0547] 
[0 00:00:29.0547] >
[0 00:00:29.0672] 41 14 1B 84 
[0 00:00:29.0719] 
[0 00:00:29.0734] >
[0 00:00:29.0844] 41 14 7D 7E 
[0 00:00:29.0906] 
[0 00:00:29.0906] >
[0 00:00:30.0015] 41 14 8C 7D 
[0 00:00:30.0078] 
[0 00:00:30.0078] >
[0 00:00:30.0203] 41 14 10 84 
[0 00:00:30.0265] 
[0 00:00:30.0265] >
[0 00:00:30.0390] 41 14 0E 85 
[0 00:00:30.0453] 
[0 00:00:30.0453] >
[0 00:00:30.0719] 41 14 9F 80 
[0 00:00:30.0797] 
[0 00:00:30.0797] >
[0 00:00:30.0922] 41 14 9C 7E 
[0 00:00:30.0969] 
[0 00:00:30.0969] >
[0 00:00:31.0094] 41 14 96 7D 
[0 00:00:31.0156] 
[0 00:00:31.0156] >
[0 00:00:31.0281] 41 14 79 7C 
[0 00:00:31.0344] 
[0 00:00:31.0344] >